Arguments: 
  /Users/joe/.nvm/versions/node/v6.12.3/bin/node /usr/local/Cellar/yarn/1.9.4/libexec/bin/yarn.js

PATH: 
  /Users/joe/Downloads/google-cloud-sdk/bin:/Users/joe/.nvm/versions/node/v6.12.3/bin:/usr/local/bin:/usr/local/bin:/usr/bin:/bin:/usr/sbin:/sbin:/usr/local/munki:/Applications/Wireshark.app/Contents/MacOS:/Users/joe/go/bin:/opt/yarn-[version]/bin:/Users/joe/.rvm/bin

Yarn version: 
  1.9.4

Node version: 
  6.12.3

Platform: 
  darwin x64

Trace: 
  Error: https://registry.yarnpkg.com/vend.ui: Not found
      at Request.params.callback [as _callback] (/usr/local/Cellar/yarn/1.9.4/libexec/lib/cli.js:64202:18)
      at Request.self.callback (/usr/local/Cellar/yarn/1.9.4/libexec/lib/cli.js:137468:22)
      at emitTwo (events.js:106:13)
      at Request.emit (events.js:191:7)
      at Request.<anonymous> (/usr/local/Cellar/yarn/1.9.4/libexec/lib/cli.js:138440:10)
      at emitOne (events.js:96:13)
      at Request.emit (events.js:188:7)
      at IncomingMessage.<anonymous> (/usr/local/Cellar/yarn/1.9.4/libexec/lib/cli.js:138362:12)
      at IncomingMessage.g (events.js:292:16)
      at emitNone (events.js:91:20)
      at IncomingMessage.emit (events.js:185:7)

npm manifest: 
  {
    "name": "peg",
    "version": "1.0.1",
    "description": "Payments Examples for Vend",
    "main": "gulpfile.js",
    "dependencies": {
      "bower": "^1.8.0",
      "gulp": "^3.9.1",
      "gulp-autoprefixer": "^5.0.0",
      "gulp-rename": "^1.2.2",
      "gulp-sass": "^3.1.0"
    },
    "optionalDependencies": {
      "vend.ui": "git@github.com:vend/vend.ui.git#v32.14.0"
    },
    "scripts": {
      "test": "echo \"Error: no test specified\" && exit 1"
    },
    "repository": {
      "type": "git",
      "url": "git+https://github.com/vend/peg.git"
    },
    "author": "",
    "license": "ISC",
    "bugs": {
      "url": "https://github.com/vend/peg/issues"
    },
    "homepage": "https://github.com/vend/peg#readme"
  }

yarn manifest: 
  No manifest

Lockfile: 
  No lockfile
